<?xml version="1.0" encoding="UTF-8"?>
<testng-results ignored="0" total="1" passed="1" failed="0" skipped="0">
  <reporter-output>
  </reporter-output>
  <suite started-at="2023-12-09T07:43:38 IST" name="Default suite" finished-at="2023-12-09T07:43:40 IST" duration-ms="1899">
    <groups>
    </groups>
    <test started-at="2023-12-09T07:43:38 IST" name="Default test" finished-at="2023-12-09T07:43:40 IST" duration-ms="1899">
      <class name="com.basic.JiraTest">
        <test-method signature="Jira()[pri:0, instance:com.basic.JiraTest@58695725]" started-at="2023-12-09T07:43:38 IST" name="Jira" finished-at="2023-12-09T07:43:40 IST" duration-ms="1873" status="PASS">
          <reporter-output>
          </reporter-output>
        </test-method> <!-- Jira -->
      </class> <!-- com.basic.JiraTest -->
    </test> <!-- Default test -->
  </suite> <!-- Default suite -->
</testng-results>
